<?xml version="1.0" encoding="UTF-8" ?>
<testsuite tests="9" failures="0" name="project.model.TestingEnum" time="0" errors="0" skipped="0">
  <properties>
[...]
</properties>
  <testcase classname="project.model.TestingEnum" name="typeLoding" time="0"/>
  <testcase classname="project.model.TestingEnum" name="userRoleEmployee" time="0"/>
  <testcase classname="project.model.TestingEnum" name="typeTravel" time="0"/>
  <testcase classname="project.model.TestingEnum" name="userRoleManager" time="0"/>
  <testcase classname="project.model.TestingEnum" name="typeFood" time="0"/>
  <testcase classname="project.model.TestingEnum" name="typeOther" time="0"/>
  <testcase classname="project.model.TestingEnum" name="statusDenied" time="0"/>
  <testcase classname="project.model.TestingEnum" name="statusPending" time="0"/>
  <testcase classname="project.model.TestingEnum" name="statusApproved" time="0"/>
</testsuite>